Build started 9/2/2015 11:37:34 AM.
     1>Project "C:\Users\Bert\Documents\GitHub\Compressor-Decompressor\comp\comp.vcxproj" on node 2 (Build target(s)).
     1>ClCompile:
         C:\Program Files (x86)\Microsoft Visual Studio 12.0\VC\bin\CL.exe /c /ZI /nologo /W3 /WX- /sdl /Od /Oy- /D WIN32 /D _DEBUG /D _CONSOLE /D _LIB /D _UNICODE /D UNICODE /Gm /EHsc /RTC1 /MDd /GS /fp:precise /Zc:wchar_t /Zc:forScope /Fo"Debug\\" /Fd"Debug\vc120.pdb" /Gd /TP /analyze- /errorReport:prompt ..\HTree.cpp ..\HuffmanCompressor.cpp
         HuffmanCompressor.cpp
         HTree.cpp
         Generating Code...
       Link:
         C:\Program Files (x86)\Microsoft Visual Studio 12.0\VC\bin\link.exe /ERRORREPORT:PROMPT /OUT:"C:\Users\Bert\Documents\GitHub\Compressor-Decompressor\Debug\comp.exe" /INCREMENTAL /NOLOGO kernel32.lib user32.lib gdi32.lib winspool.lib comdlg32.lib advapi32.lib shell32.lib ole32.lib oleaut32.lib uuid.lib odbc32.lib odbccp32.lib /MANIFEST /MANIFESTUAC:"level='asInvoker' uiAccess='false'" /manifest:embed /DEBUG /PDB:"C:\Users\Bert\Documents\GitHub\Compressor-Decompressor\Debug\comp.pdb" /SUBSYSTEM:CONSOLE /TLBID:1 /DYNAMICBASE /NXCOMPAT /IMPLIB:"C:\Users\Bert\Documents\GitHub\Compressor-Decompressor\Debug\comp.lib" /MACHINE:X86 Debug\BinaryIO.obj
         Debug\Compressor.obj
         Debug\Decompressor.obj
         Debug\Frequency.obj
         Debug\HTree.obj
         Debug\HuffmanCompressor.obj
         Debug\HuffmanDecompressor.obj
         Debug\main.obj
         comp.vcxproj -> C:\Users\Bert\Documents\GitHub\Compressor-Decompressor\Debug\comp.exe
     1>Done Building Project "C:\Users\Bert\Documents\GitHub\Compressor-Decompressor\comp\comp.vcxproj" (Build target(s)).

Build succeeded.

Time Elapsed 00:00:04.38
